mtb_smORF11_800107_800370_+	mtb-elite_smORF235_800193_800104_-	100.000	87	0	0	1	87	87	1	2.32e-42	161
mtb_smORF27_1196185_1196319_+	mtb-elite_smORF343_1196175_1196228_+	100.000	44	0	0	1	44	11	54	9.08e-19	82.4
mtb_smORF30_1272136_1272363_+	mtb-elite_smORF372_1272167_1272036_-	100.000	32	0	0	1	32	32	1	7.55e-12	60.2
mtb_smORF33_1471750_1471899_+	mtb-elite_smORF442_1471750_1471899_+	100.000	150	0	0	1	150	1	150	1.21e-77	278
mtb_smORF38_1485205_1485384_+	mtb-elite_smORF446_1484982_1485278_+	100.000	74	0	0	1	74	224	297	2.63e-35	137
mtb_smORF51_2338438_2338719_+	mtb-elite_smORF697_2338606_2338514_-	100.000	93	0	0	77	169	93	1	1.15e-45	172
mtb_smORF59_2581975_2582157_+	mtb-elite_smORF771_2582025_2581843_-	100.000	51	0	0	1	51	51	1	1.63e-22	95.3
mtb_smORF66_2870125_2870361_+	mtb-elite_smORF842_2870340_2870119_-	100.000	216	0	0	1	216	216	1	4.03e-114	399
mtb_smORF67_2925238_2925528_+	mtb-elite_smORF850_2925492_2925737_+	100.000	37	0	0	255	291	1	37	1.61e-14	69.4
mtb_smORF70_3031594_3031755_+	mtb-elite_smORF887_3031634_3031455_-	100.000	41	0	0	1	41	41	1	5.18e-17	76.8
mtb_smORF92_4118557_4118739_+	mtb-elite_smORF1178_4118761_4118564_-	100.000	176	0	0	8	183	198	23	5.32e-92	326
mtb_smORF92_4118557_4118739_+	mtb-elite_smORF1177_4118691_4118530_-	100.000	135	0	0	1	135	135	1	3.29e-69	250
mtb_smORF94_4185850_4186083_+	mtb-elite_smORF1213_4185889_4186083_+	100.000	195	0	0	40	234	1	195	1.87e-102	361
mtb_smORF105_130910_131122_+	mtb-elite_smORF27_131128_130895_-	100.000	213	0	0	1	213	219	7	1.69e-112	394
mtb_smORF106_221807_221989_+	mtb-elite_smORF61_221819_221989_+	100.000	171	0	0	13	183	1	171	3.20e-89	316
mtb_smORF119_1113812_1114060_+	mtb-elite_smORF321_1113861_1114112_+	100.000	200	0	0	50	249	1	200	3.33e-105	370
mtb_smORF126_1282145_1282354_+	mtb-elite_smORF380_1282030_1282218_+	100.000	74	0	0	1	74	116	189	3.11e-35	137
mtb_smORF128_1389143_1389262_+	mtb-elite_smORF421_1389244_1388975_-	100.000	102	0	0	1	102	102	1	4.55e-51	189
mtb_smORF146_2087654_2087914_+	mtb-elite_smORF609_2087912_2087649_-	100.000	259	0	0	1	259	259	1	5.58e-138	479
mtb_smORF150_2232275_2232427_+	mtb-elite_smORF659_2232275_2232427_+	100.000	153	0	0	1	153	1	153	2.67e-79	283
mtb_smORF160_2827949_2828236_+	mtb-elite_smORF825_2828020_2828220_+	100.000	201	0	0	72	272	1	201	1.08e-105	372
mtb_smORF178_3708155_3708205_+	mtb-elite_smORF1091_3708316_3708074_-	100.000	51	0	0	1	51	162	112	3.76e-23	95.3
mtb_smORF195_333126_333380_+	mtb-elite_smORF242_840947_841204_+	90.411	219	21	0	37	255	256	38	9.84e-81	289
mtb_smORF195_333126_333380_+	mtb-elite_smORF94_333417_333346_-	100.000	35	0	0	221	255	72	38	1.80e-13	65.8
mtb_smORF209_1195992_1196228_+	mtb-elite_smORF343_1196175_1196228_+	100.000	54	0	0	184	237	1	54	4.57e-24	100
mtb_smORF228_2232399_2232671_+	mtb-elite_smORF659_2232275_2232427_+	100.000	29	0	0	1	29	125	153	4.20e-10	54.7
mtb_smORF229_2256450_2256668_+	mtb-elite_smORF665_2256599_2256480_-	100.000	120	0	0	31	150	120	1	8.72e-61	222
mtb_smORF231_2402646_2402867_+	mtb-elite_smORF717_2402646_2402867_+	100.000	222	0	0	1	222	1	222	1.76e-117	411
mtb_smORF231_2402646_2402867_+	mtb-elite_smORF718_2402719_2402507_-	100.000	74	0	0	1	74	74	1	3.30e-35	137
mtb_smORF251_3556749_3556973_+	mtb-elite_smORF1028_3556873_3557064_+	100.000	101	0	0	125	225	1	101	3.27e-50	187
mtb_smORF266_4310811_4311032_+	mtb-elite_smORF1257_4310811_4311032_+	100.000	222	0	0	1	222	1	222	1.76e-117	411
mtb_smORF269_4329834_4330067_+	mtb-elite_smORF1269_4329955_4329923_-	100.000	33	0	0	90	122	33	1	2.13e-12	62.1
mtb_smORF298_3241926_3242057_-	mtb-elite_smORF948_3242245_3241997_-	100.000	61	0	0	1	61	189	249	3.14e-28	113
mtb_smORF309_2637165_2637443_-	mtb-elite_smORF85_309855_310073_+	93.805	113	6	1	1	113	105	216	1.47e-44	169
mtb_smORF320_2307009_2307239_-	mtb-elite_smORF681_2307195_2307139_-	100.000	57	0	0	45	101	1	57	9.70e-26	106
mtb_smORF322_2228655_2228828_-	mtb-elite_smORF655_2228676_2228906_+	100.000	153	0	0	1	153	153	1	3.07e-79	283
mtb_smORF327_1764816_1765025_-	mtb-elite_smORF533_1764770_1764973_+	100.000	158	0	0	53	210	204	47	6.26e-82	292
mtb_smORF337_1384146_1384337_-	mtb-elite_smORF419_1384278_1384538_+	100.000	60	0	0	1	60	60	1	1.71e-27	111
mtb_smORF339_1272036_1272167_-	mtb-elite_smORF372_1272167_1272036_-	100.000	132	0	0	1	132	1	132	1.07e-67	244
mtb_smORF341_1176978_1177262_-	mtb-elite_smORF337_1177206_1177373_+	100.000	57	0	0	1	57	57	1	1.20e-25	106
mtb_smORF342_1163793_1164014_-	mtb-elite_smORF333_1163937_1164185_+	100.000	78	0	0	1	78	78	1	1.97e-37	145
mtb_smORF354_718137_718388_-	mtb-elite_smORF211_718025_718285_+	100.000	149	0	0	104	252	261	113	7.56e-77	276
mtb_smORF355_710769_711065_-	mtb-elite_smORF208_710782_711009_+	100.000	228	0	0	57	284	228	1	1.09e-120	422
mtb_smORF359_612216_612362_-	mtb-elite_smORF176_612417_612280_-	100.000	83	0	0	1	83	56	138	2.09e-40	154
mtb_smORF361_551580_551879_-	mtb-elite_smORF149_551710_551988_+	100.000	170	0	0	1	170	170	1	1.93e-88	315
mtb_smORF363_289002_289172_-	mtb-elite_smORF82_289104_289337_+	100.000	69	0	0	1	69	69	1	1.50e-32	128
mtb_smORF364_274710_274862_-	mtb-elite_smORF77_274904_274710_-	100.000	153	0	0	1	153	43	195	2.67e-79	283
mtb_smORF371_31824_31967_-	mtb-elite_smORF11_31967_31824_-	100.000	144	0	0	1	144	1	144	2.51e-74	267
mtb_smORF398_3491702_3491866_-	mtb-elite_smORF1012_3491782_3491702_-	100.000	81	0	0	85	165	1	81	3.07e-39	150
mtb_smORF408_2584922_2585122_-	mtb-elite_smORF772_2584966_2584922_-	100.000	45	0	0	157	201	1	45	3.91e-19	84.2
mtb_smORF415_2487413_2487706_-	mtb-elite_smORF743_2487478_2487413_-	100.000	66	0	0	229	294	1	66	1.23e-30	122
mtb_smORF431_1697837_1698013_-	mtb-elite_smORF511_1698039_1697977_-	100.000	37	0	0	1	37	27	63	9.55e-15	69.4
mtb_smORF446_799976_800272_-	mtb-elite_smORF235_800193_800104_-	100.000	90	0	0	80	169	1	90	5.65e-44	167
mtb_smORF462_4285720_4285974_-	mtb-elite_smORF1249_4285864_4285826_-	100.000	39	0	0	111	149	1	39	1.08e-15	73.1
mtb_smORF483_3034789_3035001_-	mtb-elite_smORF890_3035001_3034789_-	100.000	213	0	0	1	213	1	213	1.69e-112	394
mtb_smORF489_2655187_2655309_-	mtb-elite_smORF792_2655221_2655268_+	100.000	48	0	0	42	89	48	1	4.88e-21	89.8
mtb_smORF524_1371481_1371726_-	mtb-elite_smORF415_1371766_1371683_-	100.000	44	0	0	1	44	41	84	1.72e-18	82.4
mtb_smORF528_1205755_1205970_-	mtb-elite_smORF346_1205962_1205795_-	100.000	168	0	0	9	176	1	168	1.78e-87	311
mtb_smORF538_962800_962964_-	mtb-elite_smORF281_962680_962880_+	100.000	81	0	0	85	165	201	121	3.07e-39	150
mtb_smORF541_841015_841287_-	mtb-elite_smORF242_840947_841204_+	100.000	190	0	0	84	273	258	69	1.33e-99	351
mtb_smORF547_640723_640974_-	mtb-elite_smORF185_640856_640638_-	100.000	134	0	0	119	252	1	134	1.65e-68	248